<?xml version="1.0" encoding="UTF-8"?>
<testsuite xmlns:xsi="http://www.w3.org/2001/XMLSchema-instance" xsi:noNamespaceSchemaLocation="https://maven.apache.org/surefire/maven-surefire-plugin/xsd/surefire-test-report-3.0.xsd" version="3.0" name="com.dict.service.DictionaryServiceTest" time="0.372" tests="27" errors="0" skipped="0" failures="0">
  <properties>
[...]
</properties>
  <testcase name="sortReturnsAlphabeticalOrder" classname="com.dict.service.DictionaryServiceTest" time="0.094"/>
  <testcase name="savePersistsEntryToDisk" classname="com.dict.service.DictionaryServiceTest" time="0.008"/>
  <testcase name="findReturnsMatchingEntriesByPrefix" classname="com.dict.service.DictionaryServiceTest" time="0.011"/>
  <testcase name="getEntriesReturnsSnapshot" classname="com.dict.service.DictionaryServiceTest" time="0.007"/>
  <testcase name="sortHandlesEmptyDictionary" classname="com.dict.service.DictionaryServiceTest" time="0.003"/>
  <testcase name="lookupReturnsEntryWhenPresent" classname="com.dict.service.DictionaryServiceTest" time="0.008"/>
  <testcase name="dropRemovesEntryAndDeletesFile" classname="com.dict.service.DictionaryServiceTest" time="0.006"/>
  <testcase name="lookupReturnsNullWhenMissing" classname="com.dict.service.DictionaryServiceTest" time="0.002"/>
  <testcase name="defineUpdatesExistingEntry" classname="com.dict.service.DictionaryServiceTest" time="0.01"/>
  <testcase name="exportCreatesDirectoryWhenNeeded" classname="com.dict.service.DictionaryServiceTest" time="0.017"/>
  <testcase name="defineWithPronunciationCreatesPronunciationObject" classname="com.dict.service.DictionaryServiceTest" time="0.01"/>
  <testcase name="lookupWithDifferentCaseIsCaseInsensitive" classname="com.dict.service.DictionaryServiceTest" time="0.007"/>
  <testcase name="importLoadsEntriesFromTextFile" classname="com.dict.service.DictionaryServiceTest" time="0.014"/>
  <testcase name="defineKeepsLinkedListDefinitions" classname="com.dict.service.DictionaryServiceTest" time="0.007"/>
  <testcase name="findHandlesEmptyPrefix" classname="com.dict.service.DictionaryServiceTest" time="0.006"/>
  <testcase name="importLoadsEntriesFromNestedFolderAndIgnoresUnrelatedFiles" classname="com.dict.service.DictionaryServiceTest" time="0.038"/>
  <testcase name="exportWritesFullTableWithPronunciationAndMeaning" classname="com.dict.service.DictionaryServiceTest" time="0.013"/>
  <testcase name="exportWritesReadableFile" classname="com.dict.service.DictionaryServiceTest" time="0.007"/>
  <testcase name="defineCreatesEntryWhenAbsent" classname="com.dict.service.DictionaryServiceTest" time="0.004"/>
  <testcase name="saveAndLoadPreserveDefinitionsAndSynonyms" classname="com.dict.service.DictionaryServiceTest" time="0.008"/>
  <testcase name="getEntriesReturnsSortedSnapshot" classname="com.dict.service.DictionaryServiceTest" time="0.004"/>
  <testcase name="dropReturnsFalseWhenWordMissing" classname="com.dict.service.DictionaryServiceTest" time="0.004"/>
  <testcase name="loadRestoresEntriesFromDisk" classname="com.dict.service.DictionaryServiceTest" time="0.009"/>
  <testcase name="defineKeepsLinkedListSynonyms" classname="com.dict.service.DictionaryServiceTest" time="0.003"/>
  <testcase name="importFromFileReturnsZeroWhenFileMissing" classname="com.dict.service.DictionaryServiceTest" time="0.003"/>
  <testcase name="serviceUsesSingletonInstance" classname="com.dict.service.DictionaryServiceTest" time="0.003"/>
  <testcase name="clearRemovesAllEntries" classname="com.dict.service.DictionaryServiceTest" time="0.005"/>
</testsuite>